<?xml version="1.0" encoding="UTF-8"?>
<!-- Generated by org.testng.reporters.JUnitXMLReporter -->
<testsuite ignored="0" hostname="Syeda_Nasrin" failures="0" tests="6" name="Test" time="1.945" errors="0" timestamp="2024-01-28T12:53:37 EST">
  <testcase classname="com.terstRun.ReadData" name="@AfterTest tearDown" time="0.001">
    <failure type="java.lang.AssertionError" message="The following asserts failed:
	expected [true] but found [false]">
      <![CDATA[java.lang.AssertionError: The following asserts failed:
expected [true] but found [false]
at com.terstRun.ReadData.tearDown(ReadData.java:63)
... Removed 26 stack frames]]>
    </failure>
  </testcase> <!-- @AfterTest tearDown -->
  <testcase classname="com.terstRun.ReadData" name="statusCode" time="0.008"/>
  <testcase classname="com.terstRun.ReadData" name="responseTime" time="0.001"/>
  <testcase classname="com.terstRun.ReadData" name="dataTypeFormatCheck" time="0.0"/>
  <testcase classname="com.terstRun.ReadData" name="bodyNotNull" time="0.018"/>
  <testcase classname="com.terstRun.ReadData" name="attributeNameurl" time="0.008"/>
  <testcase classname="com.terstRun.ReadData" name="attributeValueURL" time="0.425"/>
</testsuite> <!-- Test -->
